2020-02-24 18:02:03,283 INFO org.springframework.boot.StartupInfoLogger [main] Starting AmicalApplication on LAPTOP-N0IRUO6Q with PID 21240 (C:\Users\gregg\Documents\openclassrooms\developpeur_applications_java\06_creer_site_communautaire_autour_escalade\eclipse_workplace\amical\target\classes started by gregg in C:\Users\gregg\Documents\openclassrooms\developpeur_applications_java\06_creer_site_communautaire_autour_escalade\eclipse_workplace\amical)
2020-02-24 18:02:03,286 INFO org.springframework.boot.SpringApplication [main] No active profile set, falling back to default profiles: default
2020-02-24 18:02:04,149 INFO org.springframework.data.repository.config.RepositoryConfigurationDelegate [main] Bootstrapping Spring Data repositories in DEFAULT mode.
2020-02-24 18:02:04,325 INFO org.springframework.data.repository.config.RepositoryConfigurationDelegate [main] Finished Spring Data repository scanning in 168ms. Found 13 repository interfaces.
2020-02-24 18:02:04,682 INFO org.springframework.context.support.PostProcessorRegistrationDelegate$BeanPostProcessorChecker [main] Bean 'org.springframework.transaction.annotation.ProxyTransactionManagementConfiguration' of type [org.springframework.transaction.annotation.ProxyTransactionManagementConfiguration$$EnhancerBySpringCGLIB$$7ec9aa60] is not eligible for getting processed by all BeanPostProcessors (for example: not eligible for auto-proxying)
2020-02-24 18:02:04,929 INFO org.springframework.boot.web.embedded.tomcat.TomcatWebServer [main] Tomcat initialized with port(s): 8080 (http)
2020-02-24 18:02:04,941 INFO org.apache.juli.logging.DirectJDKLog [main] Initializing ProtocolHandler ["http-nio-8080"]
2020-02-24 18:02:04,954 INFO org.apache.juli.logging.DirectJDKLog [main] Starting service [Tomcat]
2020-02-24 18:02:04,955 INFO org.apache.juli.logging.DirectJDKLog [main] Starting Servlet engine: [Apache Tomcat/9.0.24]
2020-02-24 18:02:05,093 INFO org.apache.juli.logging.DirectJDKLog [main] Initializing Spring embedded WebApplicationContext
2020-02-24 18:02:05,093 INFO org.springframework.boot.web.servlet.context.ServletWebServerApplicationContext [main] Root WebApplicationContext: initialization completed in 1661 ms
2020-02-24 18:02:05,254 INFO com.zaxxer.hikari.HikariDataSource [main] HikariPool-1 - Starting...
2020-02-24 18:02:05,349 INFO com.zaxxer.hikari.HikariDataSource [main] HikariPool-1 - Start completed.
2020-02-24 18:02:05,423 INFO org.hibernate.jpa.internal.util.LogHelper [main] HHH000204: Processing PersistenceUnitInfo [
	name: default
	...]
2020-02-24 18:02:05,482 INFO org.hibernate.Version [main] HHH000412: Hibernate Core {5.3.11.Final}
2020-02-24 18:02:05,484 INFO org.hibernate.cfg.Environment [main] HHH000206: hibernate.properties not found
2020-02-24 18:02:05,621 INFO org.hibernate.annotations.common.reflection.java.JavaReflectionManager [main] HCANN000001: Hibernate Commons Annotations {5.0.4.Final}
2020-02-24 18:02:05,806 INFO org.hibernate.dialect.Dialect [main] HHH000400: Using dialect: org.hibernate.dialect.PostgreSQLDialect
2020-02-24 18:02:05,884 INFO org.hibernate.engine.jdbc.env.internal.LobCreatorBuilderImpl [main] HHH000424: Disabling contextual LOB creation as createClob() method threw error : java.lang.reflect.InvocationTargetException
java.lang.reflect.InvocationTargetException: null
	at java.base/jdk.internal.reflect.NativeMethodAccessorImpl.invoke0(Native Method)
	at java.base/jdk.internal.reflect.NativeMethodAccessorImpl.invoke(NativeMethodAccessorImpl.java:62)
	at java.base/jdk.internal.reflect.DelegatingMethodAccessorImpl.invoke(DelegatingMethodAccessorImpl.java:43)
	at java.base/java.lang.reflect.Method.invoke(Method.java:567)
	at org.hibernate.engine.jdbc.env.internal.LobCreatorBuilderImpl.useContextualLobCreation(LobCreatorBuilderImpl.java:113)
	at org.hibernate.engine.jdbc.env.internal.LobCreatorBuilderImpl.makeLobCreatorBuilder(LobCreatorBuilderImpl.java:54)
	at org.hibernate.engine.jdbc.env.internal.JdbcEnvironmentImpl.<init>(JdbcEnvironmentImpl.java:271)
	at org.hibernate.engine.jdbc.env.internal.JdbcEnvironmentInitiator.initiateService(JdbcEnvironmentInitiator.java:114)
	at org.hibernate.engine.jdbc.env.internal.JdbcEnvironmentInitiator.initiateService(JdbcEnvironmentInitiator.java:35)
	at org.hibernate.boot.registry.internal.StandardServiceRegistryImpl.initiateService(StandardServiceRegistryImpl.java:94)
	at org.hibernate.service.internal.AbstractServiceRegistryImpl.createService(AbstractServiceRegistryImpl.java:263)
	at org.hibernate.service.internal.AbstractServiceRegistryImpl.initializeService(AbstractServiceRegistryImpl.java:237)
	at org.hibernate.service.internal.AbstractServiceRegistryImpl.getService(AbstractServiceRegistryImpl.java:214)
	at org.hibernate.id.factory.internal.DefaultIdentifierGeneratorFactory.injectServices(DefaultIdentifierGeneratorFactory.java:152)
	at org.hibernate.service.internal.AbstractServiceRegistryImpl.injectDependencies(AbstractServiceRegistryImpl.java:286)
	at org.hibernate.service.internal.AbstractServiceRegistryImpl.initializeService(AbstractServiceRegistryImpl.java:243)
	at org.hibernate.service.internal.AbstractServiceRegistryImpl.getService(AbstractServiceRegistryImpl.java:214)
	at org.hibernate.boot.internal.InFlightMetadataCollectorImpl.<init>(InFlightMetadataCollectorImpl.java:179)
	at org.hibernate.boot.model.process.spi.MetadataBuildingProcess.complete(MetadataBuildingProcess.java:119)
	at org.hibernate.jpa.boot.internal.EntityManagerFactoryBuilderImpl.metadata(EntityManagerFactoryBuilderImpl.java:904)
	at org.hibernate.jpa.boot.internal.EntityManagerFactoryBuilderImpl.build(EntityManagerFactoryBuilderImpl.java:935)
	at org.springframework.orm.jpa.vendor.SpringHibernateJpaPersistenceProvider.createContainerEntityManagerFactory(SpringHibernateJpaPersistenceProvider.java:57)
	at org.springframework.orm.jpa.LocalContainerEntityManagerFactoryBean.createNativeEntityManagerFactory(LocalContainerEntityManagerFactoryBean.java:365)
	at org.springframework.orm.jpa.AbstractEntityManagerFactoryBean.buildNativeEntityManagerFactory(AbstractEntityManagerFactoryBean.java:390)
	at org.springframework.orm.jpa.AbstractEntityManagerFactoryBean.afterPropertiesSet(AbstractEntityManagerFactoryBean.java:377)
	at org.springframework.orm.jpa.LocalContainerEntityManagerFactoryBean.afterPropertiesSet(LocalContainerEntityManagerFactoryBean.java:341)
	at org.springframework.beans.factory.support.AbstractAutowireCapableBeanFactory.invokeInitMethods(AbstractAutowireCapableBeanFactory.java:1837)
	at org.springframework.beans.factory.support.AbstractAutowireCapableBeanFactory.initializeBean(AbstractAutowireCapableBeanFactory.java:1774)
	at org.springframework.beans.factory.support.AbstractAutowireCapableBeanFactory.doCreateBean(AbstractAutowireCapableBeanFactory.java:593)
	at org.springframework.beans.factory.support.AbstractAutowireCapableBeanFactory.createBean(AbstractAutowireCapableBeanFactory.java:515)
	at org.springframework.beans.factory.support.AbstractBeanFactory.lambda$doGetBean$0(AbstractBeanFactory.java:320)
	at org.springframework.beans.factory.support.DefaultSingletonBeanRegistry.getSingleton(DefaultSingletonBeanRegistry.java:222)
	at org.springframework.beans.factory.support.AbstractBeanFactory.doGetBean(AbstractBeanFactory.java:318)
	at org.springframework.beans.factory.support.AbstractBeanFactory.getBean(AbstractBeanFactory.java:199)
	at org.springframework.context.support.AbstractApplicationContext.getBean(AbstractApplicationContext.java:1105)
	at org.springframework.context.support.AbstractApplicationContext.finishBeanFactoryInitialization(AbstractApplicationContext.java:867)
	at org.springframework.context.support.AbstractApplicationContext.refresh(AbstractApplicationContext.java:549)
	at org.springframework.boot.web.servlet.context.ServletWebServerApplicationContext.refresh(ServletWebServerApplicationContext.java:141)
	at org.springframework.boot.SpringApplication.refresh(SpringApplication.java:744)
	at org.springframework.boot.SpringApplication.refreshContext(SpringApplication.java:391)
	at org.springframework.boot.SpringApplication.run(SpringApplication.java:312)
	at org.springframework.boot.SpringApplication.run(SpringApplication.java:1215)
	at org.springframework.boot.SpringApplication.run(SpringApplication.java:1204)
	at app.gaugiciel.amical.AmicalApplication.main(AmicalApplication.java:10)
Caused by: java.sql.SQLFeatureNotSupportedException: La fonction org.postgresql.jdbc.PgConnection.createClob() n'est pas encore implémentée.
	at org.postgresql.Driver.notImplemented(Driver.java:692)
	at org.postgresql.jdbc.PgConnection.createClob(PgConnection.java:1265)
	... 44 common frames omitted
2020-02-24 18:02:05,891 INFO org.hibernate.type.BasicTypeRegistry [main] HHH000270: Type registration [java.util.UUID] overrides previous : org.hibernate.type.UUIDBinaryType@63187d63
2020-02-24 18:02:06,553 INFO org.springframework.orm.jpa.AbstractEntityManagerFactoryBean [main] Initialized JPA EntityManagerFactory for persistence unit 'default'
2020-02-24 18:02:07,262 INFO org.springframework.security.web.DefaultSecurityFilterChain [main] Creating filter chain: any request, [org.springframework.security.web.context.request.async.WebAsyncManagerIntegrationFilter@92de794, org.springframework.security.web.context.SecurityContextPersistenceFilter@68a97fc1, org.springframework.security.web.header.HeaderWriterFilter@6b6939e1, org.springframework.security.web.authentication.logout.LogoutFilter@55300b93, org.springframework.security.web.authentication.UsernamePasswordAuthenticationFilter@79f3f34c, org.springframework.security.web.savedrequest.RequestCacheAwareFilter@63053b71, org.springframework.security.web.servletapi.SecurityContextHolderAwareRequestFilter@3a7d6976, org.springframework.security.web.authentication.AnonymousAuthenticationFilter@5bed0ff4, org.springframework.security.web.session.SessionManagementFilter@69c51fdb, org.springframework.security.web.access.ExceptionTranslationFilter@2cd31214, org.springframework.security.web.access.intercept.FilterSecurityInterceptor@5507584d]
2020-02-24 18:02:07,405 INFO org.springframework.scheduling.concurrent.ExecutorConfigurationSupport [main] Initializing ExecutorService 'applicationTaskExecutor'
2020-02-24 18:02:07,820 INFO org.apache.juli.logging.DirectJDKLog [main] Starting ProtocolHandler ["http-nio-8080"]
2020-02-24 18:02:07,848 INFO org.springframework.boot.web.embedded.tomcat.TomcatWebServer [main] Tomcat started on port(s): 8080 (http) with context path ''
2020-02-24 18:02:07,851 INFO org.springframework.boot.StartupInfoLogger [main] Started AmicalApplication in 4.89 seconds (JVM running for 5.835)
2020-02-24 18:02:38,072 INFO org.apache.juli.logging.DirectJDKLog [http-nio-8080-exec-1] Initializing Spring DispatcherServlet 'dispatcherServlet'
2020-02-24 18:02:38,073 INFO org.springframework.web.servlet.FrameworkServlet [http-nio-8080-exec-1] Initializing Servlet 'dispatcherServlet'
2020-02-24 18:02:38,084 INFO org.springframework.web.servlet.FrameworkServlet [http-nio-8080-exec-1] Completed initialization in 10 ms
2020-02-24 18:02:38,547 WARN org.apache.juli.logging.DirectJDKLog [http-nio-8080-exec-1] Creation of SecureRandom instance for session ID generation using [SHA1PRNG] took [426] milliseconds.
2020-02-24 18:02:38,569 INFO app.gaugiciel.amical.controller.visiteur.VisiteurAccueilController [http-nio-8080-exec-2] An INFO Message
2020-02-24 18:02:38,569 WARN app.gaugiciel.amical.controller.visiteur.VisiteurAccueilController [http-nio-8080-exec-2] A WARN Message
2020-02-24 18:02:38,569 ERROR app.gaugiciel.amical.controller.visiteur.VisiteurAccueilController [http-nio-8080-exec-2] An ERROR Message
2020-02-24 18:10:25,298 INFO org.springframework.boot.admin.SpringApplicationAdminMXBeanRegistrar$SpringApplicationAdmin [RMI TCP Connection(2)-127.0.0.1] Application shutdown requested.
2020-02-24 18:10:25,302 INFO org.springframework.scheduling.concurrent.ExecutorConfigurationSupport [RMI TCP Connection(2)-127.0.0.1] Shutting down ExecutorService 'applicationTaskExecutor'
2020-02-24 18:10:25,306 INFO org.springframework.orm.jpa.AbstractEntityManagerFactoryBean [RMI TCP Connection(2)-127.0.0.1] Closing JPA EntityManagerFactory for persistence unit 'default'
2020-02-24 18:10:25,308 INFO com.zaxxer.hikari.HikariDataSource [RMI TCP Connection(2)-127.0.0.1] HikariPool-1 - Shutdown initiated...
2020-02-24 18:10:25,318 INFO com.zaxxer.hikari.HikariDataSource [RMI TCP Connection(2)-127.0.0.1] HikariPool-1 - Shutdown completed.
2020-02-24 18:10:30,225 INFO org.springframework.boot.StartupInfoLogger [main] Starting AmicalApplication on LAPTOP-N0IRUO6Q with PID 15016 (C:\Users\gregg\Documents\openclassrooms\developpeur_applications_java\06_creer_site_communautaire_autour_escalade\eclipse_workplace\amical\target\classes started by gregg in C:\Users\gregg\Documents\openclassrooms\developpeur_applications_java\06_creer_site_communautaire_autour_escalade\eclipse_workplace\amical)
2020-02-24 18:10:30,228 DEBUG org.springframework.boot.StartupInfoLogger [main] Running with Spring Boot v2.1.8.RELEASE, Spring v5.1.9.RELEASE
2020-02-24 18:10:30,229 INFO org.springframework.boot.SpringApplication [main] No active profile set, falling back to default profiles: default
2020-02-24 18:10:31,110 INFO org.springframework.data.repository.config.RepositoryConfigurationDelegate [main] Bootstrapping Spring Data repositories in DEFAULT mode.
2020-02-24 18:10:31,257 INFO org.springframework.data.repository.config.RepositoryConfigurationDelegate [main] Finished Spring Data repository scanning in 140ms. Found 13 repository interfaces.
2020-02-24 18:10:31,566 INFO org.springframework.context.support.PostProcessorRegistrationDelegate$BeanPostProcessorChecker [main] Bean 'org.springframework.transaction.annotation.ProxyTransactionManagementConfiguration' of type [org.springframework.transaction.annotation.ProxyTransactionManagementConfiguration$$EnhancerBySpringCGLIB$$1428e98e] is not eligible for getting processed by all BeanPostProcessors (for example: not eligible for auto-proxying)
2020-02-24 18:10:31,805 INFO org.springframework.boot.web.embedded.tomcat.TomcatWebServer [main] Tomcat initialized with port(s): 8080 (http)
2020-02-24 18:10:31,820 INFO org.apache.juli.logging.DirectJDKLog [main] Initializing ProtocolHandler ["http-nio-8080"]
2020-02-24 18:10:31,843 INFO org.apache.juli.logging.DirectJDKLog [main] Starting service [Tomcat]
2020-02-24 18:10:31,844 INFO org.apache.juli.logging.DirectJDKLog [main] Starting Servlet engine: [Apache Tomcat/9.0.24]
2020-02-24 18:10:31,960 INFO org.apache.juli.logging.DirectJDKLog [main] Initializing Spring embedded WebApplicationContext
2020-02-24 18:10:31,960 INFO org.springframework.boot.web.servlet.context.ServletWebServerApplicationContext [main] Root WebApplicationContext: initialization completed in 1584 ms
2020-02-24 18:10:32,118 INFO com.zaxxer.hikari.HikariDataSource [main] HikariPool-1 - Starting...
2020-02-24 18:10:32,208 INFO com.zaxxer.hikari.HikariDataSource [main] HikariPool-1 - Start completed.
2020-02-24 18:10:32,284 INFO org.hibernate.jpa.internal.util.LogHelper [main] HHH000204: Processing PersistenceUnitInfo [
	name: default
	...]
2020-02-24 18:10:32,335 INFO org.hibernate.Version [main] HHH000412: Hibernate Core {5.3.11.Final}
2020-02-24 18:10:32,337 INFO org.hibernate.cfg.Environment [main] HHH000206: hibernate.properties not found
2020-02-24 18:10:32,455 INFO org.hibernate.annotations.common.reflection.java.JavaReflectionManager [main] HCANN000001: Hibernate Commons Annotations {5.0.4.Final}
2020-02-24 18:10:32,621 INFO org.hibernate.dialect.Dialect [main] HHH000400: Using dialect: org.hibernate.dialect.PostgreSQLDialect
2020-02-24 18:10:32,707 INFO org.hibernate.engine.jdbc.env.internal.LobCreatorBuilderImpl [main] HHH000424: Disabling contextual LOB creation as createClob() method threw error : java.lang.reflect.InvocationTargetException
java.lang.reflect.InvocationTargetException: null
	at java.base/jdk.internal.reflect.NativeMethodAccessorImpl.invoke0(Native Method)
	at java.base/jdk.internal.reflect.NativeMethodAccessorImpl.invoke(NativeMethodAccessorImpl.java:62)
	at java.base/jdk.internal.reflect.DelegatingMethodAccessorImpl.invoke(DelegatingMethodAccessorImpl.java:43)
	at java.base/java.lang.reflect.Method.invoke(Method.java:567)
	at org.hibernate.engine.jdbc.env.internal.LobCreatorBuilderImpl.useContextualLobCreation(LobCreatorBuilderImpl.java:113)
	at org.hibernate.engine.jdbc.env.internal.LobCreatorBuilderImpl.makeLobCreatorBuilder(LobCreatorBuilderImpl.java:54)
	at org.hibernate.engine.jdbc.env.internal.JdbcEnvironmentImpl.<init>(JdbcEnvironmentImpl.java:271)
	at org.hibernate.engine.jdbc.env.internal.JdbcEnvironmentInitiator.initiateService(JdbcEnvironmentInitiator.java:114)
	at org.hibernate.engine.jdbc.env.internal.JdbcEnvironmentInitiator.initiateService(JdbcEnvironmentInitiator.java:35)
	at org.hibernate.boot.registry.internal.StandardServiceRegistryImpl.initiateService(StandardServiceRegistryImpl.java:94)
	at org.hibernate.service.internal.AbstractServiceRegistryImpl.createService(AbstractServiceRegistryImpl.java:263)
	at org.hibernate.service.internal.AbstractServiceRegistryImpl.initializeService(AbstractServiceRegistryImpl.java:237)
	at org.hibernate.service.internal.AbstractServiceRegistryImpl.getService(AbstractServiceRegistryImpl.java:214)
	at org.hibernate.id.factory.internal.DefaultIdentifierGeneratorFactory.injectServices(DefaultIdentifierGeneratorFactory.java:152)
	at org.hibernate.service.internal.AbstractServiceRegistryImpl.injectDependencies(AbstractServiceRegistryImpl.java:286)
	at org.hibernate.service.internal.AbstractServiceRegistryImpl.initializeService(AbstractServiceRegistryImpl.java:243)
	at org.hibernate.service.internal.AbstractServiceRegistryImpl.getService(AbstractServiceRegistryImpl.java:214)
	at org.hibernate.boot.internal.InFlightMetadataCollectorImpl.<init>(InFlightMetadataCollectorImpl.java:179)
	at org.hibernate.boot.model.process.spi.MetadataBuildingProcess.complete(MetadataBuildingProcess.java:119)
	at org.hibernate.jpa.boot.internal.EntityManagerFactoryBuilderImpl.metadata(EntityManagerFactoryBuilderImpl.java:904)
	at org.hibernate.jpa.boot.internal.EntityManagerFactoryBuilderImpl.build(EntityManagerFactoryBuilderImpl.java:935)
	at org.springframework.orm.jpa.vendor.SpringHibernateJpaPersistenceProvider.createContainerEntityManagerFactory(SpringHibernateJpaPersistenceProvider.java:57)
	at org.springframework.orm.jpa.LocalContainerEntityManagerFactoryBean.createNativeEntityManagerFactory(LocalContainerEntityManagerFactoryBean.java:365)
	at org.springframework.orm.jpa.AbstractEntityManagerFactoryBean.buildNativeEntityManagerFactory(AbstractEntityManagerFactoryBean.java:390)
	at org.springframework.orm.jpa.AbstractEntityManagerFactoryBean.afterPropertiesSet(AbstractEntityManagerFactoryBean.java:377)
	at org.springframework.orm.jpa.LocalContainerEntityManagerFactoryBean.afterPropertiesSet(LocalContainerEntityManagerFactoryBean.java:341)
	at org.springframework.beans.factory.support.AbstractAutowireCapableBeanFactory.invokeInitMethods(AbstractAutowireCapableBeanFactory.java:1837)
	at org.springframework.beans.factory.support.AbstractAutowireCapableBeanFactory.initializeBean(AbstractAutowireCapableBeanFactory.java:1774)
	at org.springframework.beans.factory.support.AbstractAutowireCapableBeanFactory.doCreateBean(AbstractAutowireCapableBeanFactory.java:593)
	at org.springframework.beans.factory.support.AbstractAutowireCapableBeanFactory.createBean(AbstractAutowireCapableBeanFactory.java:515)
	at org.springframework.beans.factory.support.AbstractBeanFactory.lambda$doGetBean$0(AbstractBeanFactory.java:320)
	at org.springframework.beans.factory.support.DefaultSingletonBeanRegistry.getSingleton(DefaultSingletonBeanRegistry.java:222)
	at org.springframework.beans.factory.support.AbstractBeanFactory.doGetBean(AbstractBeanFactory.java:318)
	at org.springframework.beans.factory.support.AbstractBeanFactory.getBean(AbstractBeanFactory.java:199)
	at org.springframework.context.support.AbstractApplicationContext.getBean(AbstractApplicationContext.java:1105)
	at org.springframework.context.support.AbstractApplicationContext.finishBeanFactoryInitialization(AbstractApplicationContext.java:867)
	at org.springframework.context.support.AbstractApplicationContext.refresh(AbstractApplicationContext.java:549)
	at org.springframework.boot.web.servlet.context.ServletWebServerApplicationContext.refresh(ServletWebServerApplicationContext.java:141)
	at org.springframework.boot.SpringApplication.refresh(SpringApplication.java:744)
	at org.springframework.boot.SpringApplication.refreshContext(SpringApplication.java:391)
	at org.springframework.boot.SpringApplication.run(SpringApplication.java:312)
	at org.springframework.boot.SpringApplication.run(SpringApplication.java:1215)
	at org.springframework.boot.SpringApplication.run(SpringApplication.java:1204)
	at app.gaugiciel.amical.AmicalApplication.main(AmicalApplication.java:10)
Caused by: java.sql.SQLFeatureNotSupportedException: La fonction org.postgresql.jdbc.PgConnection.createClob() n'est pas encore implémentée.
	at org.postgresql.Driver.notImplemented(Driver.java:692)
	at org.postgresql.jdbc.PgConnection.createClob(PgConnection.java:1265)
	... 44 common frames omitted
2020-02-24 18:10:32,712 INFO org.hibernate.type.BasicTypeRegistry [main] HHH000270: Type registration [java.util.UUID] overrides previous : org.hibernate.type.UUIDBinaryType@67c21bf
2020-02-24 18:10:33,360 INFO org.springframework.orm.jpa.AbstractEntityManagerFactoryBean [main] Initialized JPA EntityManagerFactory for persistence unit 'default'
2020-02-24 18:10:34,109 INFO org.springframework.security.web.DefaultSecurityFilterChain [main] Creating filter chain: any request, [org.springframework.security.web.context.request.async.WebAsyncManagerIntegrationFilter@5bed0ff4, org.springframework.security.web.context.SecurityContextPersistenceFilter@227fc322, org.springframework.security.web.header.HeaderWriterFilter@5d32f5db, org.springframework.security.web.authentication.logout.LogoutFilter@123426a9, org.springframework.security.web.authentication.UsernamePasswordAuthenticationFilter@50841932, org.springframework.security.web.savedrequest.RequestCacheAwareFilter@4687c184, org.springframework.security.web.servletapi.SecurityContextHolderAwareRequestFilter@37c45154, org.springframework.security.web.authentication.AnonymousAuthenticationFilter@17a5ae7b, org.springframework.security.web.session.SessionManagementFilter@4aadf144, org.springframework.security.web.access.ExceptionTranslationFilter@594f508f, org.springframework.security.web.access.intercept.FilterSecurityInterceptor@1e5e2e06]
2020-02-24 18:10:34,232 INFO org.springframework.scheduling.concurrent.ExecutorConfigurationSupport [main] Initializing ExecutorService 'applicationTaskExecutor'
2020-02-24 18:10:34,666 INFO org.apache.juli.logging.DirectJDKLog [main] Starting ProtocolHandler ["http-nio-8080"]
2020-02-24 18:10:34,695 INFO org.springframework.boot.web.embedded.tomcat.TomcatWebServer [main] Tomcat started on port(s): 8080 (http) with context path ''
2020-02-24 18:10:34,698 INFO org.springframework.boot.StartupInfoLogger [main] Started AmicalApplication in 4.812 seconds (JVM running for 5.732)
2020-02-24 18:11:34,283 INFO org.apache.juli.logging.DirectJDKLog [http-nio-8080-exec-1] Initializing Spring DispatcherServlet 'dispatcherServlet'
2020-02-24 18:11:34,284 INFO org.springframework.web.servlet.FrameworkServlet [http-nio-8080-exec-1] Initializing Servlet 'dispatcherServlet'
2020-02-24 18:11:34,291 INFO org.springframework.web.servlet.FrameworkServlet [http-nio-8080-exec-1] Completed initialization in 7 ms
2020-02-24 18:11:34,725 WARN org.apache.juli.logging.DirectJDKLog [http-nio-8080-exec-1] Creation of SecureRandom instance for session ID generation using [SHA1PRNG] took [388] milliseconds.
2020-02-24 18:11:34,748 TRACE app.gaugiciel.amical.controller.visiteur.VisiteurAccueilController [http-nio-8080-exec-2] A TRACE Message
2020-02-24 18:11:34,749 DEBUG app.gaugiciel.amical.controller.visiteur.VisiteurAccueilController [http-nio-8080-exec-2] A DEBUG Message
2020-02-24 18:11:34,749 INFO app.gaugiciel.amical.controller.visiteur.VisiteurAccueilController [http-nio-8080-exec-2] An INFO Message
2020-02-24 18:11:34,749 WARN app.gaugiciel.amical.controller.visiteur.VisiteurAccueilController [http-nio-8080-exec-2] A WARN Message
2020-02-24 18:11:34,749 ERROR app.gaugiciel.amical.controller.visiteur.VisiteurAccueilController [http-nio-8080-exec-2] An ERROR Message
2020-02-24 18:14:14,703 INFO org.springframework.boot.admin.SpringApplicationAdminMXBeanRegistrar$SpringApplicationAdmin [RMI TCP Connection(2)-127.0.0.1] Application shutdown requested.
2020-02-24 18:14:14,707 INFO org.springframework.scheduling.concurrent.ExecutorConfigurationSupport [RMI TCP Connection(2)-127.0.0.1] Shutting down ExecutorService 'applicationTaskExecutor'
2020-02-24 18:14:14,713 INFO org.springframework.orm.jpa.AbstractEntityManagerFactoryBean [RMI TCP Connection(2)-127.0.0.1] Closing JPA EntityManagerFactory for persistence unit 'default'
2020-02-24 18:14:14,716 INFO com.zaxxer.hikari.HikariDataSource [RMI TCP Connection(2)-127.0.0.1] HikariPool-1 - Shutdown initiated...
2020-02-24 18:14:14,725 INFO com.zaxxer.hikari.HikariDataSource [RMI TCP Connection(2)-127.0.0.1] HikariPool-1 - Shutdown completed.
2020-02-24 18:14:19,696 INFO org.springframework.boot.StartupInfoLogger [main] Starting AmicalApplication on LAPTOP-N0IRUO6Q with PID 4172 (C:\Users\gregg\Documents\openclassrooms\developpeur_applications_java\06_creer_site_communautaire_autour_escalade\eclipse_workplace\amical\target\classes started by gregg in C:\Users\gregg\Documents\openclassrooms\developpeur_applications_java\06_creer_site_communautaire_autour_escalade\eclipse_workplace\amical)
2020-02-24 18:14:19,698 DEBUG org.springframework.boot.StartupInfoLogger [main] Running with Spring Boot v2.1.8.RELEASE, Spring v5.1.9.RELEASE
2020-02-24 18:14:19,698 INFO org.springframework.boot.SpringApplication [main] No active profile set, falling back to default profiles: default
2020-02-24 18:14:24,377 INFO org.springframework.boot.StartupInfoLogger [main] Started AmicalApplication in 4.989 seconds (JVM running for 5.926)
2020-02-24 18:15:35,407 TRACE app.gaugiciel.amical.controller.visiteur.VisiteurAccueilController [http-nio-8080-exec-3] A TRACE Message
2020-02-24 18:15:35,408 DEBUG app.gaugiciel.amical.controller.visiteur.VisiteurAccueilController [http-nio-8080-exec-3] A DEBUG Message
2020-02-24 18:15:35,408 INFO app.gaugiciel.amical.controller.visiteur.VisiteurAccueilController [http-nio-8080-exec-3] An INFO Message
2020-02-24 18:15:35,408 WARN app.gaugiciel.amical.controller.visiteur.VisiteurAccueilController [http-nio-8080-exec-3] A WARN Message
2020-02-24 18:15:35,409 ERROR app.gaugiciel.amical.controller.visiteur.VisiteurAccueilController [http-nio-8080-exec-3] An ERROR Message
2020-02-24 18:28:58,899 INFO org.springframework.boot.StartupInfoLogger [main] Starting AmicalApplication on LAPTOP-N0IRUO6Q with PID 8844 (C:\Users\gregg\Documents\openclassrooms\developpeur_applications_java\06_creer_site_communautaire_autour_escalade\eclipse_workplace\amical\target\classes started by gregg in C:\Users\gregg\Documents\openclassrooms\developpeur_applications_java\06_creer_site_communautaire_autour_escalade\eclipse_workplace\amical)
2020-02-24 18:28:58,900 DEBUG org.springframework.boot.StartupInfoLogger [main] Running with Spring Boot v2.1.8.RELEASE, Spring v5.1.9.RELEASE
2020-02-24 18:28:58,901 INFO org.springframework.boot.SpringApplication [main] No active profile set, falling back to default profiles: default
2020-02-24 18:29:03,332 INFO org.springframework.boot.StartupInfoLogger [main] Started AmicalApplication in 4.755 seconds (JVM running for 5.741)
2020-02-24 18:29:09,062 TRACE app.gaugiciel.amical.controller.visiteur.VisiteurAccueilController [http-nio-8080-exec-2] Start accueil()
2020-02-24 18:29:43,268 INFO app.gaugiciel.amical.business.implementation.authentification.ServiceAuthenticationSuccessHandler [http-nio-8080-exec-10] Start onAuthenticationSuccess()
2020-02-24 18:29:56,321 TRACE app.gaugiciel.amical.business.implementation.authentification.ServiceLogoutSuccessHandler [http-nio-8080-exec-8] Start onLogoutSuccess()
